yarn run v1.22.10
$ react-scripts start
[34mℹ[39m [90m｢wds｣[39m: Project is running at http://172.17.0.12/
[34mℹ[39m [90m｢wds｣[39m: webpack output is served from 
[34mℹ[39m [90m｢wds｣[39m: Content not from webpack is served from /workspace/ShoppingMall/frontend/public
[34mℹ[39m [90m｢wds｣[39m: 404s will fallback to /
Starting the development server...

Files successfully emitted, waiting for typecheck results...
Compiled with warnings.

src/App.tsx
  Line 1:17:  'useEffect' is defined but never used  @typescript-eslint/no-unused-vars

src/components/Banner.tsx
  Line 2:8:  'styled' is defined but never used  @typescript-eslint/no-unused-vars

src/components/BestChoice.tsx
  Line 33:42:  Array.prototype.map() expects a value to be returned at the end of arrow function  array-callback-return

src/components/Item.tsx
  Line 2:10:  'Link' is defined but never used  @typescript-eslint/no-unused-vars

src/containers/ItemList.tsx
  Line 32:40:  Array.prototype.map() expects a value to be returned at the end of arrow function  array-callback-return

src/containers/MainPage.tsx
  Line 1:17:  'useState' is defined but never used   @typescript-eslint/no-unused-vars
  Line 1:27:  'useEffect' is defined but never used  @typescript-eslint/no-unused-vars

src/containers/MyBasket.tsx
  Line 56:52:  Array.prototype.map() expects a value to be returned at the end of arrow function  array-callback-return

src/containers/OrderList.tsx
  Line 11:9:  'address' is assigned a value but never used                                                               @typescript-eslint/no-unused-vars
  Line 26:8:  img elements must have an alt prop, either with meaningful text, or an empty string for decorative images  jsx-a11y/alt-text

Search for the keywords to learn more about each warning.
To ignore, add // eslint-disable-next-line to the line before.

yarn run v1.22.10
$ react-scripts start
yarn run v1.22.10
$ react-scripts start
[34mℹ[39m [90m｢wds｣[39m: Project is running at http://172.17.0.12/
[34mℹ[39m [90m｢wds｣[39m: webpack output is served from 
[34mℹ[39m [90m｢wds｣[39m: Content not from webpack is served from /workspace/ShoppingMall/frontend/public
[34mℹ[39m [90m｢wds｣[39m: 404s will fallback to /
Starting the development server...

Compiled with warnings.

src/App.tsx
  Line 1:17:  'useEffect' is defined but never used  @typescript-eslint/no-unused-vars

src/components/Banner.tsx
  Line 2:8:  'styled' is defined but never used  @typescript-eslint/no-unused-vars

src/components/BestChoice.tsx
  Line 33:42:  Array.prototype.map() expects a value to be returned at the end of arrow function  array-callback-return

src/components/Item.tsx
  Line 2:10:  'Link' is defined but never used  @typescript-eslint/no-unused-vars

src/containers/ItemList.tsx
  Line 32:40:  Array.prototype.map() expects a value to be returned at the end of arrow function  array-callback-return

src/containers/MainPage.tsx
  Line 1:17:  'useState' is defined but never used   @typescript-eslint/no-unused-vars
  Line 1:27:  'useEffect' is defined but never used  @typescript-eslint/no-unused-vars

src/containers/MyBasket.tsx
  Line 56:52:  Array.prototype.map() expects a value to be returned at the end of arrow function  array-callback-return

src/containers/OrderList.tsx
  Line 11:9:  'address' is assigned a value but never used                                                               @typescript-eslint/no-unused-vars
  Line 26:8:  img elements must have an alt prop, either with meaningful text, or an empty string for decorative images  jsx-a11y/alt-text

Search for the keywords to learn more about each warning.
To ignore, add // eslint-disable-next-line to the line before.

