Watching for file changes with StatReloader
[08/Jan/2021 11:27:11] "GET /api/signIn/JaeJoon/1234 HTTP/1.1" 201 23
[08/Jan/2021 11:27:11] "GET /api/getAllLikeLove/JaeJoon HTTP/1.1" 201 227
[08/Jan/2021 11:27:22] "GET /api/getBasket/JaeJoon HTTP/1.1" 201 416
Watching for file changes with StatReloader
Watching for file changes with StatReloader
Not Found: /main
[08/Jan/2021 12:34:42] "GET /main HTTP/1.1" 404 2074
[08/Jan/2021 12:39:27] "GET /api/signIn/JaeJoon/1234 HTTP/1.1" 201 23
[08/Jan/2021 12:39:27] "GET /api/getAllLikeLove/JaeJoon HTTP/1.1" 201 227
Not Found: /main
[08/Jan/2021 13:56:30] "GET /main HTTP/1.1" 404 2074
Not Found: /main
[09/Jan/2021 03:28:38] "GET /main HTTP/1.1" 404 2074
[09/Jan/2021 07:12:03] "GET /api/signIn/JaeJoon/1234 HTTP/1.1" 201 23
[09/Jan/2021 07:12:03] "GET /api/getAllLikeLove/JaeJoon HTTP/1.1" 201 227
[09/Jan/2021 07:12:17] "POST /api/changeLike/ HTTP/1.1" 201 15
[09/Jan/2021 07:12:18] "POST /api/changeLike/ HTTP/1.1" 201 16
[09/Jan/2021 07:12:20] "POST /api/changeLike/ HTTP/1.1" 201 15
[09/Jan/2021 07:12:20] "POST /api/changeLike/ HTTP/1.1" 201 16
[09/Jan/2021 07:32:04] "POST /api/signUp HTTP/1.1" 201 23
[09/Jan/2021 08:05:56] "GET /api/signIn/JaeJoon1234/1234 HTTP/1.1" 201 24
[09/Jan/2021 08:06:01] "GET /api/signIn/JaeJoon/1234 HTTP/1.1" 201 23
[09/Jan/2021 08:06:01] "GET /api/getAllLikeLove/JaeJoon HTTP/1.1" 201 227
[09/Jan/2021 08:06:11] "GET /api/getBasket/JaeJoon HTTP/1.1" 201 416
[09/Jan/2021 08:17:09] "GET /api/getBasket/JaeJoon HTTP/1.1" 201 416
[09/Jan/2021 08:17:16] "GET /api/getBasket/JaeJoon HTTP/1.1" 201 416
[09/Jan/2021 08:17:22] "POST /api/changeLike/ HTTP/1.1" 201 15
[09/Jan/2021 08:17:23] "POST /api/changeLike/ HTTP/1.1" 201 16
[09/Jan/2021 08:18:47] "GET /api/getBasket/JaeJoon HTTP/1.1" 201 416
[09/Jan/2021 08:29:03] "GET /api/getBasket/JaeJoon HTTP/1.1" 201 416
Not Found: /[object Object]
[09/Jan/2021 08:29:03] "GET /[object%20Object] HTTP/1.1" 404 2113
Not Found: /babel/parser/lib/index.js
[09/Jan/2021 08:31:46] "GET /babel/parser/lib/index.js HTTP/1.1" 404 2137
[09/Jan/2021 08:32:01] "GET /api/getBasket/JaeJoon HTTP/1.1" 201 416
[09/Jan/2021 08:32:06] "POST /api/changeLike/ HTTP/1.1" 201 15
[09/Jan/2021 08:32:06] "POST /api/changeLike/ HTTP/1.1" 201 16
[09/Jan/2021 08:32:09] "POST /api/changeLove/ HTTP/1.1" 201 16
[09/Jan/2021 08:32:10] "POST /api/changeLove/ HTTP/1.1" 201 15
[09/Jan/2021 08:32:12] "POST /api/changeLove/ HTTP/1.1" 201 16
[09/Jan/2021 08:32:19] "GET /api/getBasket/JaeJoon HTTP/1.1" 201 374
Not Found: /babel/parser/lib/index.js
[09/Jan/2021 08:50:38] "GET /babel/parser/lib/index.js HTTP/1.1" 404 2137
[09/Jan/2021 08:50:46] "GET /api/getLikeLove/JaeJoon/sweatshirt/1 HTTP/1.1" 201 32
[09/Jan/2021 08:50:50] "POST /api/changeLike/ HTTP/1.1" 201 15
[09/Jan/2021 08:50:51] "POST /api/changeLike/ HTTP/1.1" 201 16
[09/Jan/2021 08:50:52] "POST /api/changeLove/ HTTP/1.1" 201 15
[09/Jan/2021 08:50:53] "POST /api/changeLove/ HTTP/1.1" 201 16
[09/Jan/2021 08:50:55] "POST /api/changeLove/ HTTP/1.1" 201 15
[09/Jan/2021 08:50:58] "POST /api/changeLike/ HTTP/1.1" 201 15
[09/Jan/2021 08:51:02] "GET /api/getBasket/JaeJoon HTTP/1.1" 201 415
[09/Jan/2021 08:51:11] "GET /api/getLikeLove/JaeJoon/sweatshirt/1 HTTP/1.1" 201 30
[09/Jan/2021 08:51:13] "POST /api/changeLike/ HTTP/1.1" 201 16
[09/Jan/2021 08:51:15] "POST /api/changeLove/ HTTP/1.1" 201 16
[09/Jan/2021 08:51:19] "GET /api/getBasket/JaeJoon HTTP/1.1" 201 374
[09/Jan/2021 09:02:33] "GET /api/getLikeLove/JaeJoon/sweatshirt/25 HTTP/1.1" 201 31
[09/Jan/2021 09:12:11] "POST /api/changeLike/ HTTP/1.1" 201 15
[09/Jan/2021 09:12:12] "POST /api/changeLike/ HTTP/1.1" 201 16
[09/Jan/2021 09:12:13] "POST /api/changeLike/ HTTP/1.1" 201 15
[09/Jan/2021 09:13:15] "POST /api/changeLike/ HTTP/1.1" 201 16
[09/Jan/2021 09:13:16] "POST /api/changeLike/ HTTP/1.1" 201 15
[09/Jan/2021 09:20:27] "GET /api/getLikeLove/JaeJoon/sweatshirt/1 HTTP/1.1" 201 31
